<?xml version="1.0" encoding="UTF-8"?>
<testng-results total="1" passed="1" failed="0" skipped="0">
  <reporter-output>
  </reporter-output>
  <suite started-at="2022-02-01T13:32:25Z" name="Default suite" finished-at="2022-02-01T13:32:32Z" duration-ms="6541">
    <groups>
    </groups>
    <test started-at="2022-02-01T13:32:25Z" name="Default test" finished-at="2022-02-01T13:32:32Z" duration-ms="6541">
      <class name="Tests.Test1">
        <test-method is-config="true" signature="beforeTest()[pri:0, instance:Tests.Test1@68034211]" started-at="2022-02-01T15:32:25Z" name="beforeTest" finished-at="2022-02-01T15:32:27Z" duration-ms="1911" status="PASS">
          <reporter-output>
          </reporter-output>
        </test-method> <!-- beforeTest -->
        <test-method signature="testEasy()[pri:0, instance:Tests.Test1@68034211]" started-at="2022-02-01T15:32:27Z" name="testEasy" finished-at="2022-02-01T15:32:30Z" duration-ms="3477" status="PASS">
          <reporter-output>
          </reporter-output>
        </test-method> <!-- testEasy -->
        <test-method is-config="true" signature="afterTest()[pri:0, instance:Tests.Test1@68034211]" started-at="2022-02-01T15:32:30Z" name="afterTest" finished-at="2022-02-01T15:32:32Z" duration-ms="1142" status="PASS">
          <reporter-output>
          </reporter-output>
        </test-method> <!-- afterTest -->
      </class> <!-- Tests.Test1 -->
    </test> <!-- Default test -->
  </suite> <!-- Default suite -->
</testng-results>
